<?xml version="1.0" encoding="UTF-8"?>
<!-- Generated by org.testng.reporters.JUnitReportReporter -->
<testsuite hostname="Users-MacBook-Pro.local" failures="0" tests="1" name="test.Selenium_Jenkins_Integration" time="6.611" errors="0" timestamp="2020-06-04T17:50:20 EDT" skipped="0">
  <testcase classname="test.Selenium_Jenkins_Integration" name="test" time="6.611"/>
  <system-out/>
</testsuite> <!-- test.Selenium_Jenkins_Integration -->
