<?xml version="1.0" encoding="UTF-8"?>
<!-- Generated by org.testng.reporters.JUnitReportReporter -->
<testsuite skipped="0" hostname="Users-MacBook-Pro.local" name="test.Selenium_Jenkins_Integration" tests="1" failures="0" timestamp="2020-06-02T19:02:51 EDT" time="7.948" errors="0">
  <testcase name="test" time="7.948" classname="test.Selenium_Jenkins_Integration"/>
  <system-out/>
</testsuite> <!-- test.Selenium_Jenkins_Integration -->
